This is XeTeX, Version 3.141592653-2.6-0.999993 (TeX Live 2021) (preloaded format=xelatex 2021.8.7)  11 AUG 2021 07:59
entering extended mode
 restricted \write18 enabled.
 %&-line parsing enabled.
**claseIntro_practico12_final.tex
(./claseIntro_practico12_final.tex
LaTeX2e <2021-06-01> patch level 1
L3 programming layer <2021-07-12> (/home/mauricio/.TinyTeX/texmf-dist/tex/latex
/beamer/beamer.cls
Document Class: beamer 2021/05/26 v3.63 A class for typesetting presentations
(/home/mauricio/.TinyTeX/texmf-dist/tex/latex/beamer/beamerbasemodes.sty (/home
/mauricio/.TinyTeX/texmf-dist/tex/latex/etoolbox/etoolbox.sty
Package: etoolbox 2020/10/05 v2.5k e-TeX tools for LaTeX (JAW)
\etb@tempcnta=\count178
)
\beamer@tempbox=\box50
\beamer@tempcount=\count179
\c@beamerpauses=\count180
(/home/mauricio/.TinyTeX/texmf-dist/tex/latex/beamer/beamerbasedecode.sty
\beamer@slideinframe=\count181
\beamer@minimum=\count182
\beamer@decode@box=\box51
)
\beamer@commentbox=\box52
\beamer@modecount=\count183
) (/home/mauricio/.TinyTeX/texmf-dist/tex/generic/iftex/ifpdf.sty
Package: ifpdf 2019/10/25 v3.4 ifpdf legacy package. Use iftex instead.
(/home/mauricio/.TinyTeX/texmf-dist/tex/generic/iftex/iftex.sty
Package: iftex 2020/03/06 v1.0d TeX engine tests
))
\headdp=\dimen138
\footheight=\dimen139
\sidebarheight=\dimen140
\beamer@tempdim=\dimen141
\beamer@finalheight=\dimen142
\beamer@animht=\dimen143
\beamer@animdp=\dimen144
\beamer@animwd=\dimen145
\beamer@leftmargin=\dimen146
\beamer@rightmargin=\dimen147
\beamer@leftsidebar=\dimen148
\beamer@rightsidebar=\dimen149
\beamer@boxsize=\dimen150
\beamer@vboxoffset=\dimen151
\beamer@descdefault=\dimen152
\beamer@descriptionwidth=\dimen153
\beamer@lastskip=\skip47
\beamer@areabox=\box53
\beamer@animcurrent=\box54
\beamer@animshowbox=\box55
\beamer@sectionbox=\box56
\beamer@logobox=\box57
\beamer@linebox=\box58
\beamer@sectioncount=\count184
\beamer@subsubsectionmax=\count185
\beamer@subsectionmax=\count186
\beamer@sectionmax=\count187
\beamer@totalheads=\count188
\beamer@headcounter=\count189
\beamer@partstartpage=\count190
\beamer@sectionstartpage=\count191
\beamer@subsectionstartpage=\count192
\beamer@animationtempa=\count193
\beamer@animationtempb=\count194
\beamer@xpos=\count195
\beamer@ypos=\count196
\beamer@ypos@offset=\count197
\beamer@showpartnumber=\count198
\beamer@currentsubsection=\count199
\beamer@coveringdepth=\count266
\beamer@sectionadjust=\count267
\beamer@toclastsection=\count268
\beamer@tocsectionnumber=\count269
(/home/mauricio/.TinyTeX/texmf-dist/tex/latex/beamer/beamerbaseoptions.sty (/ho
me/mauricio/.TinyTeX/texmf-dist/tex/latex/graphics/keyval.sty
Package: keyval 2014/10/28 v1.15 key=value parser (DPC)
\KV@toks@=\toks16
))
\beamer@paperwidth=\skip48
\beamer@paperheight=\skip49
(/home/mauricio/.TinyTeX/texmf-dist/tex/latex/geometry/geometry.sty
Package: geometry 2020/01/02 v5.9 Page Geometry
(/home/mauricio/.TinyTeX/texmf-dist/tex/generic/iftex/ifvtex.sty
Package: ifvtex 2019/10/25 v1.7 ifvtex legacy package. Use iftex instead.
)
\Gm@cnth=\count270
\Gm@cntv=\count271
\c@Gm@tempcnt=\count272
\Gm@bindingoffset=\dimen154
\Gm@wd@mp=\dimen155
\Gm@odd@mp=\dimen156
\Gm@even@mp=\dimen157
\Gm@layoutwidth=\dimen158
\Gm@layoutheight=\dimen159
\Gm@layouthoffset=\dimen160
\Gm@layoutvoffset=\dimen161
\Gm@dimlist=\toks17
) (/home/mauricio/.TinyTeX/texmf-dist/tex/latex/base/size10.clo
File: size10.clo 2021/02/12 v1.4n Standard LaTeX file (size option)
) (/home/mauricio/.TinyTeX/texmf-dist/tex/latex/pgf/basiclayer/pgfcore.sty (/ho
me/mauricio/.TinyTeX/texmf-dist/tex/latex/graphics/graphicx.sty
Package: graphicx 2020/12/05 v1.2c Enhanced LaTeX Graphics (DPC,SPQR)
(/home/mauricio/.TinyTeX/texmf-dist/tex/latex/graphics/graphics.sty
Package: graphics 2021/03/04 v1.4d Standard LaTeX Graphics (DPC,SPQR)
(/home/mauricio/.TinyTeX/texmf-dist/tex/latex/graphics/trig.sty
Package: trig 2016/01/03 v1.10 sin cos tan (DPC)
) (/home/mauricio/.TinyTeX/texmf-dist/tex/latex/graphics-cfg/graphics.cfg
File: graphics.cfg 2016/06/04 v1.11 sample graphics configuration
)
Package graphics Info: Driver file: xetex.def on input line 107.
(/home/mauricio/.TinyTeX/texmf-dist/tex/latex/graphics-def/xetex.def
File: xetex.def 2021/03/18 v5.0k Graphics/color driver for xetex
))
\Gin@req@height=\dimen162
\Gin@req@width=\dimen163
) (/home/mauricio/.TinyTeX/texmf-dist/tex/latex/pgf/systemlayer/pgfsys.sty (/ho
me/mauricio/.TinyTeX/texmf-dist/tex/latex/pgf/utilities/pgfrcs.sty
(/home/mauricio/.TinyTeX/texmf-dist/tex/generic/pgf/utilities/pgfutil-common.te
x
\pgfutil@everybye=\toks18
\pgfutil@tempdima=\dimen164
\pgfutil@tempdimb=\dimen165

(/home/mauricio/.TinyTeX/texmf-dist/tex/generic/pgf/utilities/pgfutil-common-li
sts.tex))
(/home/mauricio/.TinyTeX/texmf-dist/tex/generic/pgf/utilities/pgfutil-latex.def
\pgfutil@abb=\box59
) (/home/mauricio/.TinyTeX/texmf-dist/tex/generic/pgf/utilities/pgfrcs.code.tex
(/home/mauricio/.TinyTeX/texmf-dist/tex/generic/pgf/pgf.revision.tex)
Package: pgfrcs 2021/05/15 v3.1.9a (3.1.9a)
))
(/home/mauricio/.TinyTeX/texmf-dist/tex/generic/pgf/systemlayer/pgfsys.code.tex
Package: pgfsys 2021/05/15 v3.1.9a (3.1.9a)
(/home/mauricio/.TinyTeX/texmf-dist/tex/generic/pgf/utilities/pgfkeys.code.tex
\pgfkeys@pathtoks=\toks19
\pgfkeys@temptoks=\toks20

(/home/mauricio/.TinyTeX/texmf-dist/tex/generic/pgf/utilities/pgfkeysfiltered.c
ode.tex
\pgfkeys@tmptoks=\toks21
))
\pgf@x=\dimen166
\pgf@y=\dimen167
\pgf@xa=\dimen168
\pgf@ya=\dimen169
\pgf@xb=\dimen170
\pgf@yb=\dimen171
\pgf@xc=\dimen172
\pgf@yc=\dimen173
\pgf@xd=\dimen174
\pgf@yd=\dimen175
\w@pgf@writea=\write3
\r@pgf@reada=\read2
\c@pgf@counta=\count273
\c@pgf@countb=\count274
\c@pgf@countc=\count275
\c@pgf@countd=\count276
\t@pgf@toka=\toks22
\t@pgf@tokb=\toks23
\t@pgf@tokc=\toks24
\pgf@sys@id@count=\count277
(/home/mauricio/.TinyTeX/texmf-dist/tex/generic/pgf/systemlayer/pgf.cfg
File: pgf.cfg 2021/05/15 v3.1.9a (3.1.9a)
)
Driver file for pgf: pgfsys-xetex.def

(/home/mauricio/.TinyTeX/texmf-dist/tex/generic/pgf/systemlayer/pgfsys-xetex.de
f
File: pgfsys-xetex.def 2021/05/15 v3.1.9a (3.1.9a)

(/home/mauricio/.TinyTeX/texmf-dist/tex/generic/pgf/systemlayer/pgfsys-dvipdfmx
.def
File: pgfsys-dvipdfmx.def 2021/05/15 v3.1.9a (3.1.9a)

(/home/mauricio/.TinyTeX/texmf-dist/tex/generic/pgf/systemlayer/pgfsys-common-p
df.def
File: pgfsys-common-pdf.def 2021/05/15 v3.1.9a (3.1.9a)
)
\pgfsys@objnum=\count278
)))
(/home/mauricio/.TinyTeX/texmf-dist/tex/generic/pgf/systemlayer/pgfsyssoftpath.
code.tex
File: pgfsyssoftpath.code.tex 2021/05/15 v3.1.9a (3.1.9a)
\pgfsyssoftpath@smallbuffer@items=\count279
\pgfsyssoftpath@bigbuffer@items=\count280
)
(/home/mauricio/.TinyTeX/texmf-dist/tex/generic/pgf/systemlayer/pgfsysprotocol.
code.tex
File: pgfsysprotocol.code.tex 2021/05/15 v3.1.9a (3.1.9a)
)) (/home/mauricio/.TinyTeX/texmf-dist/tex/latex/xcolor/xcolor.sty
Package: xcolor 2016/05/11 v2.12 LaTeX color extensions (UK)
(/home/mauricio/.TinyTeX/texmf-dist/tex/latex/graphics-cfg/color.cfg
File: color.cfg 2016/01/02 v1.6 sample color configuration
)
Package xcolor Info: Driver file: xetex.def on input line 225.
Package xcolor Info: Model `cmy' substituted by `cmy0' on input line 1348.
Package xcolor Info: Model `RGB' extended on input line 1364.
Package xcolor Info: Model `HTML' substituted by `rgb' on input line 1366.
Package xcolor Info: Model `Hsb' substituted by `hsb' on input line 1367.
Package xcolor Info: Model `tHsb' substituted by `hsb' on input line 1368.
Package xcolor Info: Model `HSB' substituted by `hsb' on input line 1369.
Package xcolor Info: Model `Gray' substituted by `gray' on input line 1370.
Package xcolor Info: Model `wave' substituted by `hsb' on input line 1371.
)
(/home/mauricio/.TinyTeX/texmf-dist/tex/generic/pgf/basiclayer/pgfcore.code.tex
Package: pgfcore 2021/05/15 v3.1.9a (3.1.9a)
(/home/mauricio/.TinyTeX/texmf-dist/tex/generic/pgf/math/pgfmath.code.tex (/hom
e/mauricio/.TinyTeX/texmf-dist/tex/generic/pgf/math/pgfmathcalc.code.tex (/home
/mauricio/.TinyTeX/texmf-dist/tex/generic/pgf/math/pgfmathutil.code.tex)
(/home/mauricio/.TinyTeX/texmf-dist/tex/generic/pgf/math/pgfmathparser.code.tex
\pgfmath@dimen=\dimen176
\pgfmath@count=\count281
\pgfmath@box=\box60
\pgfmath@toks=\toks25
\pgfmath@stack@operand=\toks26
\pgfmath@stack@operation=\toks27
)
(/home/mauricio/.TinyTeX/texmf-dist/tex/generic/pgf/math/pgfmathfunctions.code.
tex
(/home/mauricio/.TinyTeX/texmf-dist/tex/generic/pgf/math/pgfmathfunctions.basic
.code.tex)
(/home/mauricio/.TinyTeX/texmf-dist/tex/generic/pgf/math/pgfmathfunctions.trigo
nometric.code.tex)
(/home/mauricio/.TinyTeX/texmf-dist/tex/generic/pgf/math/pgfmathfunctions.rando
m.code.tex)
(/home/mauricio/.TinyTeX/texmf-dist/tex/generic/pgf/math/pgfmathfunctions.compa
rison.code.tex)
(/home/mauricio/.TinyTeX/texmf-dist/tex/generic/pgf/math/pgfmathfunctions.base.
code.tex)
(/home/mauricio/.TinyTeX/texmf-dist/tex/generic/pgf/math/pgfmathfunctions.round
.code.tex)
(/home/mauricio/.TinyTeX/texmf-dist/tex/generic/pgf/math/pgfmathfunctions.misc.
code.tex)
(/home/mauricio/.TinyTeX/texmf-dist/tex/generic/pgf/math/pgfmathfunctions.integ
erarithmetics.code.tex))) (/home/mauricio/.TinyTeX/texmf-dist/tex/generic/pgf/m
ath/pgfmathfloat.code.tex
\c@pgfmathroundto@lastzeros=\count282
)) (/home/mauricio/.TinyTeX/texmf-dist/tex/generic/pgf/math/pgfint.code.tex)
(/home/mauricio/.TinyTeX/texmf-dist/tex/generic/pgf/basiclayer/pgfcorepoints.co
de.tex
File: pgfcorepoints.code.tex 2021/05/15 v3.1.9a (3.1.9a)
\pgf@picminx=\dimen177
\pgf@picmaxx=\dimen178
\pgf@picminy=\dimen179
\pgf@picmaxy=\dimen180
\pgf@pathminx=\dimen181
\pgf@pathmaxx=\dimen182
\pgf@pathminy=\dimen183
\pgf@pathmaxy=\dimen184
\pgf@xx=\dimen185
\pgf@xy=\dimen186
\pgf@yx=\dimen187
\pgf@yy=\dimen188
\pgf@zx=\dimen189
\pgf@zy=\dimen190
)
(/home/mauricio/.TinyTeX/texmf-dist/tex/generic/pgf/basiclayer/pgfcorepathconst
ruct.code.tex
File: pgfcorepathconstruct.code.tex 2021/05/15 v3.1.9a (3.1.9a)
\pgf@path@lastx=\dimen191
\pgf@path@lasty=\dimen192
)
(/home/mauricio/.TinyTeX/texmf-dist/tex/generic/pgf/basiclayer/pgfcorepathusage
.code.tex
File: pgfcorepathusage.code.tex 2021/05/15 v3.1.9a (3.1.9a)
\pgf@shorten@end@additional=\dimen193
\pgf@shorten@start@additional=\dimen194
)
(/home/mauricio/.TinyTeX/texmf-dist/tex/generic/pgf/basiclayer/pgfcorescopes.co
de.tex
File: pgfcorescopes.code.tex 2021/05/15 v3.1.9a (3.1.9a)
\pgfpic=\box61
\pgf@hbox=\box62
\pgf@layerbox@main=\box63
\pgf@picture@serial@count=\count283
)
(/home/mauricio/.TinyTeX/texmf-dist/tex/generic/pgf/basiclayer/pgfcoregraphicst
ate.code.tex
File: pgfcoregraphicstate.code.tex 2021/05/15 v3.1.9a (3.1.9a)
\pgflinewidth=\dimen195
)
(/home/mauricio/.TinyTeX/texmf-dist/tex/generic/pgf/basiclayer/pgfcoretransform
ations.code.tex
File: pgfcoretransformations.code.tex 2021/05/15 v3.1.9a (3.1.9a)
\pgf@pt@x=\dimen196
\pgf@pt@y=\dimen197
\pgf@pt@temp=\dimen198
)
(/home/mauricio/.TinyTeX/texmf-dist/tex/generic/pgf/basiclayer/pgfcorequick.cod
e.tex
File: pgfcorequick.code.tex 2021/05/15 v3.1.9a (3.1.9a)
)
(/home/mauricio/.TinyTeX/texmf-dist/tex/generic/pgf/basiclayer/pgfcoreobjects.c
ode.tex
File: pgfcoreobjects.code.tex 2021/05/15 v3.1.9a (3.1.9a)
)
(/home/mauricio/.TinyTeX/texmf-dist/tex/generic/pgf/basiclayer/pgfcorepathproce
ssing.code.tex
File: pgfcorepathprocessing.code.tex 2021/05/15 v3.1.9a (3.1.9a)
)
(/home/mauricio/.TinyTeX/texmf-dist/tex/generic/pgf/basiclayer/pgfcorearrows.co
de.tex
File: pgfcorearrows.code.tex 2021/05/15 v3.1.9a (3.1.9a)
\pgfarrowsep=\dimen199
)
(/home/mauricio/.TinyTeX/texmf-dist/tex/generic/pgf/basiclayer/pgfcoreshade.cod
e.tex
File: pgfcoreshade.code.tex 2021/05/15 v3.1.9a (3.1.9a)
\pgf@max=\dimen256
\pgf@sys@shading@range@num=\count284
\pgf@shadingcount=\count285
)
(/home/mauricio/.TinyTeX/texmf-dist/tex/generic/pgf/basiclayer/pgfcoreimage.cod
e.tex
File: pgfcoreimage.code.tex 2021/05/15 v3.1.9a (3.1.9a)

(/home/mauricio/.TinyTeX/texmf-dist/tex/generic/pgf/basiclayer/pgfcoreexternal.
code.tex
File: pgfcoreexternal.code.tex 2021/05/15 v3.1.9a (3.1.9a)
\pgfexternal@startupbox=\box64
))
(/home/mauricio/.TinyTeX/texmf-dist/tex/generic/pgf/basiclayer/pgfcorelayers.co
de.tex
File: pgfcorelayers.code.tex 2021/05/15 v3.1.9a (3.1.9a)
)
(/home/mauricio/.TinyTeX/texmf-dist/tex/generic/pgf/basiclayer/pgfcoretranspare
ncy.code.tex
File: pgfcoretransparency.code.tex 2021/05/15 v3.1.9a (3.1.9a)
)
(/home/mauricio/.TinyTeX/texmf-dist/tex/generic/pgf/basiclayer/pgfcorepatterns.
code.tex
File: pgfcorepatterns.code.tex 2021/05/15 v3.1.9a (3.1.9a)
)
(/home/mauricio/.TinyTeX/texmf-dist/tex/generic/pgf/basiclayer/pgfcorerdf.code.
tex
File: pgfcorerdf.code.tex 2021/05/15 v3.1.9a (3.1.9a)
))) (/home/mauricio/.TinyTeX/texmf-dist/tex/latex/pgf/utilities/xxcolor.sty
Package: xxcolor 2003/10/24 ver 0.1
\XC@nummixins=\count286
\XC@countmixins=\count287
) (/home/mauricio/.TinyTeX/texmf-dist/tex/latex/base/atbegshi-ltx.sty
Package: atbegshi-ltx 2021/01/10 v1.0c Emulation of the original atbegshi
package with kernel methods
) (/home/mauricio/.TinyTeX/texmf-dist/tex/latex/hyperref/hyperref.sty
Package: hyperref 2021-06-07 v7.00m Hypertext links for LaTeX
(/home/mauricio/.TinyTeX/texmf-dist/tex/generic/ltxcmds/ltxcmds.sty
Package: ltxcmds 2020-05-10 v1.25 LaTeX kernel commands for general use (HO)
) (/home/mauricio/.TinyTeX/texmf-dist/tex/generic/pdftexcmds/pdftexcmds.sty
Package: pdftexcmds 2020-06-27 v0.33 Utility functions of pdfTeX for LuaTeX (HO
)
(/home/mauricio/.TinyTeX/texmf-dist/tex/generic/infwarerr/infwarerr.sty
Package: infwarerr 2019/12/03 v1.5 Providing info/warning/error messages (HO)
)
Package pdftexcmds Info: \pdf@primitive is available.
Package pdftexcmds Info: \pdf@ifprimitive is available.
Package pdftexcmds Info: \pdfdraftmode not found.
) (/home/mauricio/.TinyTeX/texmf-dist/tex/generic/kvsetkeys/kvsetkeys.sty
Package: kvsetkeys 2019/12/15 v1.18 Key value parser (HO)
) (/home/mauricio/.TinyTeX/texmf-dist/tex/generic/kvdefinekeys/kvdefinekeys.sty
Package: kvdefinekeys 2019-12-19 v1.6 Define keys (HO)
) (/home/mauricio/.TinyTeX/texmf-dist/tex/generic/pdfescape/pdfescape.sty
Package: pdfescape 2019/12/09 v1.15 Implements pdfTeX's escape features (HO)
) (/home/mauricio/.TinyTeX/texmf-dist/tex/latex/hycolor/hycolor.sty
Package: hycolor 2020-01-27 v1.10 Color options for hyperref/bookmark (HO)
) (/home/mauricio/.TinyTeX/texmf-dist/tex/latex/letltxmacro/letltxmacro.sty
Package: letltxmacro 2019/12/03 v1.6 Let assignment for LaTeX macros (HO)
) (/home/mauricio/.TinyTeX/texmf-dist/tex/latex/auxhook/auxhook.sty
Package: auxhook 2019-12-17 v1.6 Hooks for auxiliary files (HO)
) (/home/mauricio/.TinyTeX/texmf-dist/tex/latex/kvoptions/kvoptions.sty
Package: kvoptions 2020-10-07 v3.14 Key value format for package options (HO)
)
\@linkdim=\dimen257
\Hy@linkcounter=\count288
\Hy@pagecounter=\count289
(/home/mauricio/.TinyTeX/texmf-dist/tex/latex/hyperref/pd1enc.def
File: pd1enc.def 2021-06-07 v7.00m Hyperref: PDFDocEncoding definition (HO)
)
(/home/mauricio/.TinyTeX/texmf-dist/tex/latex/hyperref/hyperref-langpatches.def
File: hyperref-langpatches.def 2021-06-07 v7.00m Hyperref: patches for babel la
nguages
) (/home/mauricio/.TinyTeX/texmf-dist/tex/generic/intcalc/intcalc.sty
Package: intcalc 2019/12/15 v1.3 Expandable calculations with integers (HO)
) (/home/mauricio/.TinyTeX/texmf-dist/tex/generic/etexcmds/etexcmds.sty
Package: etexcmds 2019/12/15 v1.7 Avoid name clashes with e-TeX commands (HO)
)
\Hy@SavedSpaceFactor=\count290
(/home/mauricio/.TinyTeX/texmf-dist/tex/latex/hyperref/puenc.def
File: puenc.def 2021-06-07 v7.00m Hyperref: PDF Unicode definition (HO)
)
Package hyperref Info: Option `unicode' set `true' on input line 4073.
Package hyperref Info: Option `bookmarks' set `true' on input line 4073.
Package hyperref Info: Option `bookmarksopen' set `true' on input line 4073.
Package hyperref Info: Option `implicit' set `false' on input line 4073.
Package hyperref Info: Hyper figures OFF on input line 4192.
Package hyperref Info: Link nesting OFF on input line 4197.
Package hyperref Info: Hyper index ON on input line 4200.
Package hyperref Info: Plain pages OFF on input line 4207.
Package hyperref Info: Backreferencing OFF on input line 4212.
Package hyperref Info: Implicit mode OFF; no redefinition of LaTeX internals.
Package hyperref Info: Bookmarks ON on input line 4445.
\c@Hy@tempcnt=\count291
(/home/mauricio/.TinyTeX/texmf-dist/tex/latex/url/url.sty
\Urlmuskip=\muskip16
Package: url 2013/09/16  ver 3.4  Verb mode for urls, etc.
)
LaTeX Info: Redefining \url on input line 4804.
\XeTeXLinkMargin=\dimen258
(/home/mauricio/.TinyTeX/texmf-dist/tex/generic/bitset/bitset.sty
Package: bitset 2019/12/09 v1.3 Handle bit-vector datatype (HO)
(/home/mauricio/.TinyTeX/texmf-dist/tex/generic/bigintcalc/bigintcalc.sty
Package: bigintcalc 2019/12/15 v1.5 Expandable calculations on big integers (HO
)
))
\Fld@menulength=\count292
\Field@Width=\dimen259
\Fld@charsize=\dimen260
Package hyperref Info: Hyper figures OFF on input line 6076.
Package hyperref Info: Link nesting OFF on input line 6081.
Package hyperref Info: Hyper index ON on input line 6084.
Package hyperref Info: backreferencing OFF on input line 6091.
Package hyperref Info: Link coloring OFF on input line 6096.
Package hyperref Info: Link coloring with OCG OFF on input line 6101.
Package hyperref Info: PDF/A mode OFF on input line 6106.
LaTeX Info: Redefining \ref on input line 6146.
LaTeX Info: Redefining \pageref on input line 6150.
\Hy@abspage=\count293

Package hyperref Message: Stopped early.

)
Package hyperref Info: Driver (autodetected): hxetex.
(/home/mauricio/.TinyTeX/texmf-dist/tex/latex/hyperref/hxetex.def
File: hxetex.def 2021-06-07 v7.00m Hyperref driver for XeTeX
(/home/mauricio/.TinyTeX/texmf-dist/tex/generic/stringenc/stringenc.sty
Package: stringenc 2019/11/29 v1.12 Convert strings between diff. encodings (HO
)
)
\pdfm@box=\box65
\c@Hy@AnnotLevel=\count294
\HyField@AnnotCount=\count295
\Fld@listcount=\count296
\c@bookmark@seq@number=\count297

(/home/mauricio/.TinyTeX/texmf-dist/tex/latex/rerunfilecheck/rerunfilecheck.sty
Package: rerunfilecheck 2019/12/05 v1.9 Rerun checks for auxiliary files (HO)
(/home/mauricio/.TinyTeX/texmf-dist/tex/latex/base/atveryend-ltx.sty
Package: atveryend-ltx 2020/08/19 v1.0a Emulation of the original atvery packag
e
with kernel methods
)
(/home/mauricio/.TinyTeX/texmf-dist/tex/generic/uniquecounter/uniquecounter.sty
Package: uniquecounter 2019/12/15 v1.4 Provide unlimited unique counter (HO)
)
Package uniquecounter Info: New unique counter `rerunfilecheck' on input line 2
86.
)) (/home/mauricio/.TinyTeX/texmf-dist/tex/latex/beamer/beamerbaserequires.sty
(/home/mauricio/.TinyTeX/texmf-dist/tex/latex/beamer/beamerbasecompatibility.st
y) (/home/mauricio/.TinyTeX/texmf-dist/tex/latex/beamer/beamerbasefont.sty (/ho
me/mauricio/.TinyTeX/texmf-dist/tex/latex/amsfonts/amssymb.sty
Package: amssymb 2013/01/14 v3.01 AMS font symbols
(/home/mauricio/.TinyTeX/texmf-dist/tex/latex/amsfonts/amsfonts.sty
Package: amsfonts 2013/01/14 v3.01 Basic AMSFonts support
\@emptytoks=\toks28
\symAMSa=\mathgroup4
\symAMSb=\mathgroup5
LaTeX Font Info:    Redeclaring math symbol \hbar on input line 98.
LaTeX Font Info:    Overwriting math alphabet `\mathfrak' in version `bold'
(Font)                  U/euf/m/n --> U/euf/b/n on input line 106.
))) (/home/mauricio/.TinyTeX/texmf-dist/tex/latex/beamer/beamerbasetranslator.s
ty (/home/mauricio/.TinyTeX/texmf-dist/tex/latex/translator/translator.sty
Package: translator 2021-05-31 v1.12d Easy translation of strings in LaTeX
)) (/home/mauricio/.TinyTeX/texmf-dist/tex/latex/beamer/beamerbasemisc.sty) (/h
ome/mauricio/.TinyTeX/texmf-dist/tex/latex/beamer/beamerbasetwoscreens.sty) (/h
ome/mauricio/.TinyTeX/texmf-dist/tex/latex/beamer/beamerbaseoverlay.sty
\beamer@argscount=\count298
\beamer@lastskipcover=\skip50
\beamer@trivlistdepth=\count299
) (/home/mauricio/.TinyTeX/texmf-dist/tex/latex/beamer/beamerbasetitle.sty) (/h
ome/mauricio/.TinyTeX/texmf-dist/tex/latex/beamer/beamerbasesection.sty
\c@lecture=\count300
\c@part=\count301
\c@section=\count302
\c@subsection=\count303
\c@subsubsection=\count304
) (/home/mauricio/.TinyTeX/texmf-dist/tex/latex/beamer/beamerbaseframe.sty
\beamer@framebox=\box66
\beamer@frametitlebox=\box67
\beamer@zoombox=\box68
\beamer@zoomcount=\count305
\beamer@zoomframecount=\count306
\beamer@frametextheight=\dimen261
\c@subsectionslide=\count307
\beamer@frametopskip=\skip51
\beamer@framebottomskip=\skip52
\beamer@frametopskipautobreak=\skip53
\beamer@framebottomskipautobreak=\skip54
\beamer@envbody=\toks29
\framewidth=\dimen262
\c@framenumber=\count308
) (/home/mauricio/.TinyTeX/texmf-dist/tex/latex/beamer/beamerbaseverbatim.sty
\beamer@verbatimfileout=\write4
) (/home/mauricio/.TinyTeX/texmf-dist/tex/latex/beamer/beamerbaseframesize.sty
\beamer@splitbox=\box69
\beamer@autobreakcount=\count309
\beamer@autobreaklastheight=\dimen263
\beamer@frametitletoks=\toks30
\beamer@framesubtitletoks=\toks31
)
(/home/mauricio/.TinyTeX/texmf-dist/tex/latex/beamer/beamerbaseframecomponents.
sty
\beamer@footins=\box70
) (/home/mauricio/.TinyTeX/texmf-dist/tex/latex/beamer/beamerbasecolor.sty) (/h
ome/mauricio/.TinyTeX/texmf-dist/tex/latex/beamer/beamerbasenotes.sty
\beamer@frameboxcopy=\box71
) (/home/mauricio/.TinyTeX/texmf-dist/tex/latex/beamer/beamerbasetoc.sty) (/hom
e/mauricio/.TinyTeX/texmf-dist/tex/latex/beamer/beamerbasetemplates.sty
\beamer@sbttoks=\toks32

(/home/mauricio/.TinyTeX/texmf-dist/tex/latex/beamer/beamerbaseauxtemplates.sty
(/home/mauricio/.TinyTeX/texmf-dist/tex/latex/beamer/beamerbaseboxes.sty
\bmb@box=\box72
\bmb@colorbox=\box73
\bmb@boxwidth=\dimen264
\bmb@boxheight=\dimen265
\bmb@prevheight=\dimen266
\bmb@temp=\dimen267
\bmb@dima=\dimen268
\bmb@dimb=\dimen269
\bmb@prevheight=\dimen270
)
\beamer@blockheadheight=\dimen271
))
(/home/mauricio/.TinyTeX/texmf-dist/tex/latex/beamer/beamerbaselocalstructure.s
ty (/home/mauricio/.TinyTeX/texmf-dist/tex/latex/tools/enumerate.sty
Package: enumerate 2015/07/23 v3.00 enumerate extensions (DPC)
\@enLab=\toks33
)
\beamer@bibiconwidth=\skip55
\c@figure=\count310
\c@table=\count311
\abovecaptionskip=\skip56
\belowcaptionskip=\skip57
) (/home/mauricio/.TinyTeX/texmf-dist/tex/latex/beamer/beamerbasenavigation.sty
\beamer@section@min@dim=\dimen272
) (/home/mauricio/.TinyTeX/texmf-dist/tex/latex/beamer/beamerbasetheorems.sty (
/home/mauricio/.TinyTeX/texmf-dist/tex/latex/amsmath/amsmath.sty
Package: amsmath 2021/04/20 v2.17j AMS math features
\@mathmargin=\skip58
For additional information on amsmath, use the `?' option.
(/home/mauricio/.TinyTeX/texmf-dist/tex/latex/amsmath/amstext.sty
Package: amstext 2000/06/29 v2.01 AMS text
(/home/mauricio/.TinyTeX/texmf-dist/tex/latex/amsmath/amsgen.sty
File: amsgen.sty 1999/11/30 v2.0 generic functions
\@emptytoks=\toks34
\ex@=\dimen273
)) (/home/mauricio/.TinyTeX/texmf-dist/tex/latex/amsmath/amsbsy.sty
Package: amsbsy 1999/11/29 v1.2d Bold Symbols
\pmbraise@=\dimen274
) (/home/mauricio/.TinyTeX/texmf-dist/tex/latex/amsmath/amsopn.sty
Package: amsopn 2016/03/08 v2.02 operator names
)
\inf@bad=\count312
LaTeX Info: Redefining \frac on input line 234.
\uproot@=\count313
\leftroot@=\count314
LaTeX Info: Redefining \overline on input line 399.
\classnum@=\count315
\DOTSCASE@=\count316
LaTeX Info: Redefining \ldots on input line 496.
LaTeX Info: Redefining \dots on input line 499.
LaTeX Info: Redefining \cdots on input line 620.
\Mathstrutbox@=\box74
\strutbox@=\box75
\big@size=\dimen275
LaTeX Font Info:    Redeclaring font encoding OML on input line 743.
LaTeX Font Info:    Redeclaring font encoding OMS on input line 744.
\macc@depth=\count317
\c@MaxMatrixCols=\count318
\dotsspace@=\muskip17
\c@parentequation=\count319
\dspbrk@lvl=\count320
\tag@help=\toks35
\row@=\count321
\column@=\count322
\maxfields@=\count323
\andhelp@=\toks36
\eqnshift@=\dimen276
\alignsep@=\dimen277
\tagshift@=\dimen278
\tagwidth@=\dimen279
\totwidth@=\dimen280
\lineht@=\dimen281
\@envbody=\toks37
\multlinegap=\skip59
\multlinetaggap=\skip60
\mathdisplay@stack=\toks38
LaTeX Info: Redefining \[ on input line 2923.
LaTeX Info: Redefining \] on input line 2924.
) (/home/mauricio/.TinyTeX/texmf-dist/tex/latex/amscls/amsthm.sty
Package: amsthm 2020/05/29 v2.20.6
\thm@style=\toks39
\thm@bodyfont=\toks40
\thm@headfont=\toks41
\thm@notefont=\toks42
\thm@headpunct=\toks43
\thm@preskip=\skip61
\thm@postskip=\skip62
\thm@headsep=\skip63
\dth@everypar=\toks44
)
\c@theorem=\count324
) (/home/mauricio/.TinyTeX/texmf-dist/tex/latex/beamer/beamerbasethemes.sty)) (
/home/mauricio/.TinyTeX/texmf-dist/tex/latex/beamer/beamerthemedefault.sty
(/home/mauricio/.TinyTeX/texmf-dist/tex/latex/beamer/beamerfontthemedefault.sty
)
(/home/mauricio/.TinyTeX/texmf-dist/tex/latex/beamer/beamercolorthemedefault.st
y)
(/home/mauricio/.TinyTeX/texmf-dist/tex/latex/beamer/beamerinnerthemedefault.st
y
\beamer@dima=\dimen282
\beamer@dimb=\dimen283
)
(/home/mauricio/.TinyTeX/texmf-dist/tex/latex/beamer/beamerouterthemedefault.st
y))) (/home/mauricio/.TinyTeX/texmf-dist/tex/latex/pgf/utilities/pgfpages.sty
Package: pgfpages 2011/01/05 ver 0.02
(/home/mauricio/.TinyTeX/texmf-dist/tex/latex/tools/calc.sty
Package: calc 2017/05/25 v4.3 Infix arithmetic (KKT,FJ)
\calc@Acount=\count325
\calc@Bcount=\count326
\calc@Adimen=\dimen284
\calc@Bdimen=\dimen285
\calc@Askip=\skip64
\calc@Bskip=\skip65
LaTeX Info: Redefining \setlength on input line 80.
LaTeX Info: Redefining \addtolength on input line 81.
\calc@Ccount=\count327
\calc@Cskip=\skip66
)
\pgf@logicalpages=\count328
\pgf@firstshipout=\count329
\pgf@lastshipout=\count330
\pgf@currentshipout=\count331
\pgf@cpn=\count332
\pgf@shipoutnextto=\count333
\pgfphysicalheight=\dimen286
\pgfphysicalwidth=\dimen287
\pgfpages@shipoutbox=\box76
) (/home/mauricio/.TinyTeX/texmf-dist/tex/latex/lm/lmodern.sty
Package: lmodern 2015/05/01 v1.6.1 Latin Modern Fonts
LaTeX Font Info:    Overwriting symbol font `operators' in version `normal'
(Font)                  OT1/cmr/m/n --> OT1/lmr/m/n on input line 22.
LaTeX Font Info:    Overwriting symbol font `letters' in version `normal'
(Font)                  OML/cmm/m/it --> OML/lmm/m/it on input line 23.
LaTeX Font Info:    Overwriting symbol font `symbols' in version `normal'
(Font)                  OMS/cmsy/m/n --> OMS/lmsy/m/n on input line 24.
LaTeX Font Info:    Overwriting symbol font `largesymbols' in version `normal'
(Font)                  OMX/cmex/m/n --> OMX/lmex/m/n on input line 25.
LaTeX Font Info:    Overwriting symbol font `operators' in version `bold'
(Font)                  OT1/cmr/bx/n --> OT1/lmr/bx/n on input line 26.
LaTeX Font Info:    Overwriting symbol font `letters' in version `bold'
(Font)                  OML/cmm/b/it --> OML/lmm/b/it on input line 27.
LaTeX Font Info:    Overwriting symbol font `symbols' in version `bold'
(Font)                  OMS/cmsy/b/n --> OMS/lmsy/b/n on input line 28.
LaTeX Font Info:    Overwriting symbol font `largesymbols' in version `bold'
(Font)                  OMX/cmex/m/n --> OMX/lmex/m/n on input line 29.
LaTeX Font Info:    Overwriting math alphabet `\mathbf' in version `normal'
(Font)                  OT1/cmr/bx/n --> OT1/lmr/bx/n on input line 31.
LaTeX Font Info:    Overwriting math alphabet `\mathsf' in version `normal'
(Font)                  OT1/cmss/m/n --> OT1/lmss/m/n on input line 32.
LaTeX Font Info:    Overwriting math alphabet `\mathit' in version `normal'
(Font)                  OT1/cmr/m/it --> OT1/lmr/m/it on input line 33.
LaTeX Font Info:    Overwriting math alphabet `\mathtt' in version `normal'
(Font)                  OT1/cmtt/m/n --> OT1/lmtt/m/n on input line 34.
LaTeX Font Info:    Overwriting math alphabet `\mathbf' in version `bold'
(Font)                  OT1/cmr/bx/n --> OT1/lmr/bx/n on input line 35.
LaTeX Font Info:    Overwriting math alphabet `\mathsf' in version `bold'
(Font)                  OT1/cmss/bx/n --> OT1/lmss/bx/n on input line 36.
LaTeX Font Info:    Overwriting math alphabet `\mathit' in version `bold'
(Font)                  OT1/cmr/bx/it --> OT1/lmr/bx/it on input line 37.
LaTeX Font Info:    Overwriting math alphabet `\mathtt' in version `bold'
(Font)                  OT1/cmtt/m/n --> OT1/lmtt/m/n on input line 38.
) (/home/mauricio/.TinyTeX/texmf-dist/tex/generic/iftex/ifxetex.sty
Package: ifxetex 2019/10/25 v0.7 ifxetex legacy package. Use iftex instead.
) (/home/mauricio/.TinyTeX/texmf-dist/tex/generic/iftex/ifluatex.sty
Package: ifluatex 2019/10/25 v1.5 ifluatex legacy package. Use iftex instead.
) (/home/mauricio/.TinyTeX/texmf-dist/tex/latex/unicode-math/unicode-math.sty (
/home/mauricio/.TinyTeX/texmf-dist/tex/latex/l3kernel/expl3.sty
Package: expl3 2021-07-12 L3 programming layer (loader) 
(/home/mauricio/.TinyTeX/texmf-dist/tex/latex/l3backend/l3backend-xetex.def
File: l3backend-xetex.def 2021-08-04 L3 backend support: XeTeX
(|extractbb --version)
\c__kernel_sys_dvipdfmx_version_int=\count334
\l__color_backend_stack_int=\count335
\g__color_backend_stack_int=\count336
\g__graphics_track_int=\count337
\l__pdf_internal_box=\box77
\g__pdf_backend_object_int=\count338
\g__pdf_backend_annotation_int=\count339
\g__pdf_backend_link_int=\count340
))
Package: unicode-math 2020/01/31 v0.8q Unicode maths in XeLaTeX and LuaLaTeX

(/home/mauricio/.TinyTeX/texmf-dist/tex/latex/unicode-math/unicode-math-xetex.s
ty
Package: unicode-math-xetex 2020/01/31 v0.8q Unicode maths in XeLaTeX and LuaLa
TeX
(/home/mauricio/.TinyTeX/texmf-dist/tex/latex/l3packages/xparse/xparse.sty
Package: xparse 2021-08-04 L3 Experimental document command parser
) (/home/mauricio/.TinyTeX/texmf-dist/tex/latex/l3packages/l3keys2e/l3keys2e.st
y
Package: l3keys2e 2021-08-04 LaTeX2e option processing using LaTeX3 keys
) (/home/mauricio/.TinyTeX/texmf-dist/tex/latex/fontspec/fontspec.sty
Package: fontspec 2020/02/21 v2.7i Font selection for XeLaTeX and LuaLaTeX
(/home/mauricio/.TinyTeX/texmf-dist/tex/latex/fontspec/fontspec-xetex.sty
Package: fontspec-xetex 2020/02/21 v2.7i Font selection for XeLaTeX and LuaLaTe
X
\l__fontspec_script_int=\count341
\l__fontspec_language_int=\count342
\l__fontspec_strnum_int=\count343
\l__fontspec_tmp_int=\count344
\l__fontspec_tmpa_int=\count345
\l__fontspec_tmpb_int=\count346
\l__fontspec_tmpc_int=\count347
\l__fontspec_em_int=\count348
\l__fontspec_emdef_int=\count349
\l__fontspec_strong_int=\count350
\l__fontspec_strongdef_int=\count351
\l__fontspec_tmpa_dim=\dimen288
\l__fontspec_tmpb_dim=\dimen289
\l__fontspec_tmpc_dim=\dimen290
(/home/mauricio/.TinyTeX/texmf-dist/tex/latex/base/fontenc.sty
Package: fontenc 2021/04/29 v2.0v Standard LaTeX package
) (/home/mauricio/.TinyTeX/texmf-dist/tex/latex/fontspec/fontspec.cfg))) (/home
/mauricio/.TinyTeX/texmf-dist/tex/latex/base/fix-cm.sty
Package: fix-cm 2020/11/24 v1.1t fixes to LaTeX
(/home/mauricio/.TinyTeX/texmf-dist/tex/latex/base/ts1enc.def
File: ts1enc.def 2001/06/05 v3.0e (jk/car/fm) Standard LaTeX file
LaTeX Font Info:    Redeclaring font encoding TS1 on input line 47.
))
\g__um_fam_int=\count352
\g__um_fonts_used_int=\count353
\l__um_primecount_int=\count354
\g__um_primekern_muskip=\muskip18

(/home/mauricio/.TinyTeX/texmf-dist/tex/latex/unicode-math/unicode-math-table.t
ex)))
(/home/mauricio/.TinyTeX/texmf-dist/tex/latex/beamer/beamercolorthemebeaver.sty
) (/home/mauricio/.TinyTeX/texmf-dist/tex/latex/fancyvrb/fancyvrb.sty
Package: fancyvrb 2021/01/20 v3.7 verbatim text (tvz,hv)
\FV@CodeLineNo=\count355
\FV@InFile=\read3
\FV@TabBox=\box78
\c@FancyVerbLine=\count356
\FV@StepNumber=\count357
\FV@OutFile=\write5
) (/home/mauricio/.TinyTeX/texmf-dist/tex/latex/framed/framed.sty
Package: framed 2011/10/22 v 0.96: framed or shaded text with page breaks
\OuterFrameSep=\skip67
\fb@frw=\dimen291
\fb@frh=\dimen292
\FrameRule=\dimen293
\FrameSep=\dimen294
) (/home/mauricio/.TinyTeX/texmf-dist/tex/latex/pgf/frontendlayer/tikz.sty (/ho
me/mauricio/.TinyTeX/texmf-dist/tex/latex/pgf/basiclayer/pgf.sty
Package: pgf 2021/05/15 v3.1.9a (3.1.9a)

(/home/mauricio/.TinyTeX/texmf-dist/tex/generic/pgf/modules/pgfmoduleshapes.cod
e.tex
File: pgfmoduleshapes.code.tex 2021/05/15 v3.1.9a (3.1.9a)
\pgfnodeparttextbox=\box79
)
(/home/mauricio/.TinyTeX/texmf-dist/tex/generic/pgf/modules/pgfmoduleplot.code.
tex
File: pgfmoduleplot.code.tex 2021/05/15 v3.1.9a (3.1.9a)
)
(/home/mauricio/.TinyTeX/texmf-dist/tex/latex/pgf/compatibility/pgfcomp-version
-0-65.sty
Package: pgfcomp-version-0-65 2021/05/15 v3.1.9a (3.1.9a)
\pgf@nodesepstart=\dimen295
\pgf@nodesepend=\dimen296
)
(/home/mauricio/.TinyTeX/texmf-dist/tex/latex/pgf/compatibility/pgfcomp-version
-1-18.sty
Package: pgfcomp-version-1-18 2021/05/15 v3.1.9a (3.1.9a)
)) (/home/mauricio/.TinyTeX/texmf-dist/tex/latex/pgf/utilities/pgffor.sty (/hom
e/mauricio/.TinyTeX/texmf-dist/tex/latex/pgf/utilities/pgfkeys.sty (/home/mauri
cio/.TinyTeX/texmf-dist/tex/generic/pgf/utilities/pgfkeys.code.tex)) (/home/mau
ricio/.TinyTeX/texmf-dist/tex/latex/pgf/math/pgfmath.sty (/home/mauricio/.TinyT
eX/texmf-dist/tex/generic/pgf/math/pgfmath.code.tex)) (/home/mauricio/.TinyTeX/
texmf-dist/tex/generic/pgf/utilities/pgffor.code.tex
Package: pgffor 2021/05/15 v3.1.9a (3.1.9a)
(/home/mauricio/.TinyTeX/texmf-dist/tex/generic/pgf/math/pgfmath.code.tex)
\pgffor@iter=\dimen297
\pgffor@skip=\dimen298
\pgffor@stack=\toks45
\pgffor@toks=\toks46
))
(/home/mauricio/.TinyTeX/texmf-dist/tex/generic/pgf/frontendlayer/tikz/tikz.cod
e.tex
Package: tikz 2021/05/15 v3.1.9a (3.1.9a)

(/home/mauricio/.TinyTeX/texmf-dist/tex/generic/pgf/libraries/pgflibraryplothan
dlers.code.tex
File: pgflibraryplothandlers.code.tex 2021/05/15 v3.1.9a (3.1.9a)
\pgf@plot@mark@count=\count358
\pgfplotmarksize=\dimen299
)
\tikz@lastx=\dimen300
\tikz@lasty=\dimen301
\tikz@lastxsaved=\dimen302
\tikz@lastysaved=\dimen303
\tikz@lastmovetox=\dimen304
\tikz@lastmovetoy=\dimen305
\tikzleveldistance=\dimen306
\tikzsiblingdistance=\dimen307
\tikz@figbox=\box80
\tikz@figbox@bg=\box81
\tikz@tempbox=\box82
\tikz@tempbox@bg=\box83
\tikztreelevel=\count359
\tikznumberofchildren=\count360
\tikznumberofcurrentchild=\count361
\tikz@fig@count=\count362

(/home/mauricio/.TinyTeX/texmf-dist/tex/generic/pgf/modules/pgfmodulematrix.cod
e.tex
File: pgfmodulematrix.code.tex 2021/05/15 v3.1.9a (3.1.9a)
\pgfmatrixcurrentrow=\count363
\pgfmatrixcurrentcolumn=\count364
\pgf@matrix@numberofcolumns=\count365
)
\tikz@expandcount=\count366

(/home/mauricio/.TinyTeX/texmf-dist/tex/generic/pgf/frontendlayer/tikz/librarie
s/tikzlibrarytopaths.code.tex
File: tikzlibrarytopaths.code.tex 2021/05/15 v3.1.9a (3.1.9a)
)))
(/home/mauricio/.TinyTeX/texmf-dist/tex/generic/pgf/frontendlayer/tikz/librarie
s/tikzlibrarycalc.code.tex
File: tikzlibrarycalc.code.tex 2021/05/15 v3.1.9a (3.1.9a)
) (/home/mauricio/.TinyTeX/texmf-dist/tex/latex/pgfplots/pgfplots.sty (/home/ma
uricio/.TinyTeX/texmf-dist/tex/generic/pgfplots/pgfplots.revision.tex)
Package: pgfplots 2021/05/15 v1.18.1 Data Visualization (1.18.1)
(/home/mauricio/.TinyTeX/texmf-dist/tex/generic/pgfplots/pgfplots.code.tex (/ho
me/mauricio/.TinyTeX/texmf-dist/tex/generic/pgfplots/pgfplotscore.code.tex
\t@pgfplots@toka=\toks47
\t@pgfplots@tokb=\toks48
\t@pgfplots@tokc=\toks49
\pgfplots@tmpa=\dimen308
\c@pgfplots@coordindex=\count367
\c@pgfplots@scanlineindex=\count368

(/home/mauricio/.TinyTeX/texmf-dist/tex/generic/pgfplots/sys/pgfplotssysgeneric
.code.tex))
(/home/mauricio/.TinyTeX/texmf-dist/tex/generic/pgfplots/libs/pgfplotslibrary.c
ode.tex)
(/home/mauricio/.TinyTeX/texmf-dist/tex/generic/pgfplots/oldpgfcompatib/pgfplot
soldpgfsupp_loader.code.tex
(/home/mauricio/.TinyTeX/texmf-dist/tex/generic/pgf/libraries/pgflibraryfpu.cod
e.tex))
(/home/mauricio/.TinyTeX/texmf-dist/tex/generic/pgfplots/util/pgfplotsutil.code
.tex
(/home/mauricio/.TinyTeX/texmf-dist/tex/generic/pgfplots/liststructure/pgfplots
liststructure.code.tex)
(/home/mauricio/.TinyTeX/texmf-dist/tex/generic/pgfplots/liststructure/pgfplots
liststructureext.code.tex)
(/home/mauricio/.TinyTeX/texmf-dist/tex/generic/pgfplots/liststructure/pgfplots
array.code.tex
\c@pgfplotsarray@tmp=\count369
)
(/home/mauricio/.TinyTeX/texmf-dist/tex/generic/pgfplots/liststructure/pgfplots
matrix.code.tex)
(/home/mauricio/.TinyTeX/texmf-dist/tex/generic/pgfplots/numtable/pgfplotstable
shared.code.tex
\c@pgfplotstable@counta=\count370
\t@pgfplotstable@a=\toks50
)
(/home/mauricio/.TinyTeX/texmf-dist/tex/generic/pgfplots/liststructure/pgfplots
deque.code.tex)
(/home/mauricio/.TinyTeX/texmf-dist/tex/generic/pgfplots/util/pgfplotsbinary.co
de.tex
(/home/mauricio/.TinyTeX/texmf-dist/tex/generic/pgfplots/util/pgfplotsbinary.da
ta.code.tex))
(/home/mauricio/.TinyTeX/texmf-dist/tex/generic/pgfplots/util/pgfplotsutil.verb
.code.tex)
(/home/mauricio/.TinyTeX/texmf-dist/tex/generic/pgfplots/libs/pgflibrarypgfplot
s.surfshading.code.tex
\c@pgfplotslibrarysurf@no=\count371

(/home/mauricio/.TinyTeX/texmf-dist/tex/generic/pgfplots/sys/pgflibrarypgfplots
.surfshading.pgfsys-xetex.def
(/home/mauricio/.TinyTeX/texmf-dist/tex/generic/pgfplots/sys/pgflibrarypgfplots
.surfshading.pgfsys-dvipdfmx.def
\c@pgfplotslibrarysurf@streamlen=\count372
))))
(/home/mauricio/.TinyTeX/texmf-dist/tex/generic/pgfplots/util/pgfplotscolormap.
code.tex
(/home/mauricio/.TinyTeX/texmf-dist/tex/generic/pgfplots/util/pgfplotscolor.cod
e.tex))
(/home/mauricio/.TinyTeX/texmf-dist/tex/generic/pgfplots/pgfplotsstackedplots.c
ode.tex)
(/home/mauricio/.TinyTeX/texmf-dist/tex/generic/pgfplots/pgfplotsplothandlers.c
ode.tex
(/home/mauricio/.TinyTeX/texmf-dist/tex/generic/pgfplots/pgfplotsmeshplothandle
r.code.tex
(/home/mauricio/.TinyTeX/texmf-dist/tex/generic/pgfplots/pgfplotsmeshplotimage.
code.tex)))
(/home/mauricio/.TinyTeX/texmf-dist/tex/generic/pgfplots/pgfplots.scaling.code.
tex)
(/home/mauricio/.TinyTeX/texmf-dist/tex/generic/pgfplots/pgfplotscoordprocessin
g.code.tex)
(/home/mauricio/.TinyTeX/texmf-dist/tex/generic/pgfplots/pgfplots.errorbars.cod
e.tex)
(/home/mauricio/.TinyTeX/texmf-dist/tex/generic/pgfplots/pgfplots.markers.code.
tex)
(/home/mauricio/.TinyTeX/texmf-dist/tex/generic/pgfplots/pgfplotsticks.code.tex
)
(/home/mauricio/.TinyTeX/texmf-dist/tex/generic/pgfplots/pgfplots.paths.code.te
x)
(/home/mauricio/.TinyTeX/texmf-dist/tex/generic/pgf/frontendlayer/tikz/librarie
s/tikzlibrarydecorations.code.tex
(/home/mauricio/.TinyTeX/texmf-dist/tex/generic/pgf/modules/pgfmoduledecoration
s.code.tex
\pgfdecoratedcompleteddistance=\dimen309
\pgfdecoratedremainingdistance=\dimen310
\pgfdecoratedinputsegmentcompleteddistance=\dimen311
\pgfdecoratedinputsegmentremainingdistance=\dimen312
\pgf@decorate@distancetomove=\dimen313
\pgf@decorate@repeatstate=\count373
\pgfdecorationsegmentamplitude=\dimen314
\pgfdecorationsegmentlength=\dimen315
)
\tikz@lib@dec@box=\box84
)
(/home/mauricio/.TinyTeX/texmf-dist/tex/generic/pgf/frontendlayer/tikz/librarie
s/tikzlibrarydecorations.pathmorphing.code.tex
(/home/mauricio/.TinyTeX/texmf-dist/tex/generic/pgf/libraries/decorations/pgfli
brarydecorations.pathmorphing.code.tex))
(/home/mauricio/.TinyTeX/texmf-dist/tex/generic/pgf/frontendlayer/tikz/librarie
s/tikzlibrarydecorations.pathreplacing.code.tex
(/home/mauricio/.TinyTeX/texmf-dist/tex/generic/pgf/libraries/decorations/pgfli
brarydecorations.pathreplacing.code.tex))
(/home/mauricio/.TinyTeX/texmf-dist/tex/generic/pgfplots/libs/tikzlibrarypgfplo
ts.contourlua.code.tex)
\pgfplots@numplots=\count374
\pgfplots@xmin@reg=\dimen316
\pgfplots@xmax@reg=\dimen317
\pgfplots@ymin@reg=\dimen318
\pgfplots@ymax@reg=\dimen319
\pgfplots@zmin@reg=\dimen320
\pgfplots@zmax@reg=\dimen321
)
(/home/mauricio/.TinyTeX/texmf-dist/tex/generic/pgf/frontendlayer/tikz/librarie
s/tikzlibraryplotmarks.code.tex
File: tikzlibraryplotmarks.code.tex 2021/05/15 v3.1.9a (3.1.9a)

(/home/mauricio/.TinyTeX/texmf-dist/tex/generic/pgf/libraries/pgflibraryplotmar
ks.code.tex
File: pgflibraryplotmarks.code.tex 2021/05/15 v3.1.9a (3.1.9a)
))) (/home/mauricio/.TinyTeX/texmf-dist/tex/latex/ragged2e/ragged2e.sty
Package: ragged2e 2021/02/05 v3.0 ragged2e Package
\CenteringLeftskip=\skip68
\RaggedLeftLeftskip=\skip69
\RaggedRightLeftskip=\skip70
\CenteringRightskip=\skip71
\RaggedLeftRightskip=\skip72
\RaggedRightRightskip=\skip73
\CenteringParfillskip=\skip74
\RaggedLeftParfillskip=\skip75
\RaggedRightParfillskip=\skip76
\JustifyingParfillskip=\skip77
\CenteringParindent=\skip78
\RaggedLeftParindent=\skip79
\RaggedRightParindent=\skip80
\JustifyingParindent=\skip81
) (/home/mauricio/.TinyTeX/texmf-dist/tex/latex/svg/svg.sty
Package: svg 2020/11/26 v2.02k (include SVG pictures)
(/home/mauricio/.TinyTeX/texmf-dist/tex/latex/koma-script/scrbase.sty
Package: scrbase 2021/06/25 v3.34 KOMA-Script package (KOMA-Script-independent 
basics and keyval usage)
(/home/mauricio/.TinyTeX/texmf-dist/tex/latex/koma-script/scrlfile.sty
Package: scrlfile 2021/06/25 v3.34 KOMA-Script package (file load hooks)
(/home/mauricio/.TinyTeX/texmf-dist/tex/latex/koma-script/scrlfile-hook.sty
Package: scrlfile-hook 2021/06/25 v3.34 KOMA-Script package (using LaTeX hooks)

(/home/mauricio/.TinyTeX/texmf-dist/tex/latex/koma-script/scrlogo.sty
Package: scrlogo 2021/06/25 v3.34 KOMA-Script package (logo)
)))
Applying: [2021/05/01] Usage of raw or classic option list on input line 252.
Already applied: [0000/00/00] Usage of raw or classic option list on input line
 368.
) (/home/mauricio/.TinyTeX/texmf-dist/tex/latex/trimspaces/trimspaces.sty
Package: trimspaces 2009/09/17 v1.1 Trim spaces around a token list
) (/home/mauricio/.TinyTeX/texmf-dist/tex/latex/tools/shellesc.sty
Package: shellesc 2019/11/08 v1.0c unified shell escape interface for LaTeX
Package shellesc Info: Restricted shell escape enabled on input line 77.
)
\c@svg@param@lastpage=\count375
\svg@box=\box85
\c@svg@param@currpage=\count376
) (/home/mauricio/.TinyTeX/texmf-dist/tex/latex/transparent/transparent.sty
Package: transparent 2019/11/29 v1.4 Transparency via pdfTeX's color stack (HO)


Package transparent Warning: Loading aborted, because pdfTeX is not running in 
PDF mode.

) (/home/mauricio/.TinyTeX/texmf-dist/tex/latex/environ/environ.sty
Package: environ 2014/05/04 v0.3 A new way to define environments
)
(/home/mauricio/.TinyTeX/texmf-dist/tex/latex/beamer/beamerouterthememiniframes
.sty)
(/home/mauricio/.TinyTeX/texmf-dist/tex/latex/beamer/beamerinnerthemecircles.st
y) (./claseIntro_practico12_final.aux)
\openout1 = `claseIntro_practico12_final.aux'.

LaTeX Font Info:    Checking defaults for OML/cmm/m/it on input line 161.
LaTeX Font Info:    ... okay on input line 161.
LaTeX Font Info:    Checking defaults for OMS/cmsy/m/n on input line 161.
LaTeX Font Info:    ... okay on input line 161.
LaTeX Font Info:    Checking defaults for OT1/cmr/m/n on input line 161.
LaTeX Font Info:    ... okay on input line 161.
LaTeX Font Info:    Checking defaults for T1/cmr/m/n on input line 161.
LaTeX Font Info:    ... okay on input line 161.
LaTeX Font Info:    Checking defaults for TS1/cmr/m/n on input line 161.
LaTeX Font Info:    ... okay on input line 161.
LaTeX Font Info:    Checking defaults for TU/lmr/m/n on input line 161.
LaTeX Font Info:    ... okay on input line 161.
LaTeX Font Info:    Checking defaults for OMX/cmex/m/n on input line 161.
LaTeX Font Info:    ... okay on input line 161.
LaTeX Font Info:    Checking defaults for U/cmr/m/n on input line 161.
LaTeX Font Info:    ... okay on input line 161.
LaTeX Font Info:    Checking defaults for PD1/pdf/m/n on input line 161.
LaTeX Font Info:    ... okay on input line 161.
LaTeX Font Info:    Checking defaults for PU/pdf/m/n on input line 161.
LaTeX Font Info:    ... okay on input line 161.
*geometry* driver: auto-detecting
*geometry* detected driver: xetex
*geometry* verbose mode - [ preamble ] result:
* driver: xetex
* paper: custom
* layout: <same size as paper>
* layoutoffset:(h,v)=(0.0pt,0.0pt)
* modes: includehead includefoot 
* h-part:(L,W,R)=(28.45274pt, 307.28987pt, 28.45274pt)
* v-part:(T,H,B)=(0.0pt, 273.14662pt, 0.0pt)
* \paperwidth=364.19536pt
* \paperheight=273.14662pt
* \textwidth=307.28987pt
* \textheight=244.6939pt
* \oddsidemargin=-43.81725pt
* \evensidemargin=-43.81725pt
* \topmargin=-72.26999pt
* \headheight=14.22636pt
* \headsep=0.0pt
* \topskip=10.0pt
* \footskip=14.22636pt
* \marginparwidth=3.0pt
* \marginparsep=11.0pt
* \columnsep=10.0pt
* \skip\footins=9.0pt plus 4.0pt minus 2.0pt
* \hoffset=0.0pt
* \voffset=0.0pt
* \mag=1000
* \@twocolumnfalse
* \@twosidefalse
* \@mparswitchfalse
* \@reversemarginfalse
* (1in=72.27pt=25.4mm, 1cm=28.453pt)

Package hyperref Info: Link coloring OFF on input line 161.
(/home/mauricio/.TinyTeX/texmf-dist/tex/latex/hyperref/nameref.sty
Package: nameref 2021-04-02 v2.47 Cross-referencing by name of section
(/home/mauricio/.TinyTeX/texmf-dist/tex/latex/refcount/refcount.sty
Package: refcount 2019/12/15 v3.6 Data extraction from label references (HO)
)
(/home/mauricio/.TinyTeX/texmf-dist/tex/generic/gettitlestring/gettitlestring.s
ty
Package: gettitlestring 2019/12/15 v1.6 Cleanup title references (HO)
)
\c@section@level=\count377
)
LaTeX Info: Redefining \ref on input line 161.
LaTeX Info: Redefining \pageref on input line 161.
LaTeX Info: Redefining \nameref on input line 161.
(./claseIntro_practico12_final.out) (./claseIntro_practico12_final.out)
\@outlinefile=\write6
\openout6 = `claseIntro_practico12_final.out'.


(/home/mauricio/.TinyTeX/texmf-dist/tex/latex/translator/translator-basic-dicti
onary-English.dict
Dictionary: translator-basic-dictionary, Language: English 
)
(/home/mauricio/.TinyTeX/texmf-dist/tex/latex/translator/translator-bibliograph
y-dictionary-English.dict
Dictionary: translator-bibliography-dictionary, Language: English 
)
(/home/mauricio/.TinyTeX/texmf-dist/tex/latex/translator/translator-environment
-dictionary-English.dict
Dictionary: translator-environment-dictionary, Language: English 
)
(/home/mauricio/.TinyTeX/texmf-dist/tex/latex/translator/translator-months-dict
ionary-English.dict
Dictionary: translator-months-dictionary, Language: English 
)
(/home/mauricio/.TinyTeX/texmf-dist/tex/latex/translator/translator-numbers-dic
tionary-English.dict
Dictionary: translator-numbers-dictionary, Language: English 
)
(/home/mauricio/.TinyTeX/texmf-dist/tex/latex/translator/translator-theorem-dic
tionary-English.dict
Dictionary: translator-theorem-dictionary, Language: English 
)
LaTeX Font Info:    Overwriting math alphabet `\mathrm' in version `normal'
(Font)                  OT1/lmr/m/n --> TU/lmr/m/n on input line 161.
LaTeX Font Info:    Overwriting math alphabet `\mathit' in version `normal'
(Font)                  OT1/lmr/m/it --> TU/lmr/m/it on input line 161.
LaTeX Font Info:    Overwriting math alphabet `\mathbf' in version `normal'
(Font)                  OT1/lmr/bx/n --> TU/lmr/bx/n on input line 161.
LaTeX Font Info:    Overwriting math alphabet `\mathsf' in version `normal'
(Font)                  OT1/lmss/m/n --> TU/lmss/m/n on input line 161.
LaTeX Font Info:    Overwriting math alphabet `\mathsf' in version `bold'
(Font)                  OT1/lmss/bx/n --> TU/lmss/bx/n on input line 161.
LaTeX Font Info:    Overwriting math alphabet `\mathtt' in version `normal'
(Font)                  OT1/lmtt/m/n --> TU/lmtt/m/n on input line 161.
LaTeX Font Info:    Overwriting math alphabet `\mathtt' in version `bold'
(Font)                  OT1/lmtt/m/n --> TU/lmtt/bx/n on input line 161.

Package fontspec Info: latinmodern-math scale = 1.030159915882193.


Package fontspec Info: latinmodern-math scale = 1.030159915882193.


Package fontspec Info: latinmodern-math scale = 1.030159915882193.


Package fontspec Info: Font family 'latinmodern-math.otf(0)' created for font
(fontspec)             'latinmodern-math.otf' with options
(fontspec)             [Scale=MatchLowercase,BoldItalicFont={},ItalicFont={},Sm
allCapsFont={},Script=Math,BoldFont={latinmodern-math.otf}].
(fontspec)              
(fontspec)              This font family consists of the following NFSS
(fontspec)             series/shapes:
(fontspec)              
(fontspec)             - 'normal' (m/n) with NFSS spec.:
(fontspec)             <->s*[1.030159915882193]"[latinmodern-math.otf]/OT:scrip
t=math;language=dflt;"
(fontspec)             - 'small caps'  (m/sc) with NFSS spec.: 
(fontspec)             - 'bold' (b/n) with NFSS spec.:
(fontspec)             <->s*[1.030159915882193]"[latinmodern-math.otf]/OT:scrip
t=math;language=dflt;"
(fontspec)             - 'bold small caps'  (b/sc) with NFSS spec.: 

LaTeX Font Info:    Font shape `TU/latinmodern-math.otf(0)/m/n' will be
(Font)              scaled to size 10.30167pt on input line 161.

Package fontspec Info: latinmodern-math scale = 1.030159915882193.


Package fontspec Info: latinmodern-math scale = 1.030159915882193.


Package fontspec Info: latinmodern-math scale = 1.030159915882193.


Package fontspec Info: latinmodern-math scale = 1.030159915882193.


Package fontspec Info: latinmodern-math scale = 1.030159915882193.


Package fontspec Info: Font family 'latinmodern-math.otf(1)' created for font
(fontspec)             'latinmodern-math.otf' with options
(fontspec)             [Scale=MatchLowercase,BoldItalicFont={},ItalicFont={},Sm
allCapsFont={},Script=Math,SizeFeatures={{Size=8.5-},{Size=6-8.5,Font=latinmode
rn-math.otf,Style=MathScript},{Size=-6,Font=latinmodern-math.otf,Style=MathScri
ptScript}},BoldFont={latinmodern-math.otf}].
(fontspec)              
(fontspec)              This font family consists of the following NFSS
(fontspec)             series/shapes:
(fontspec)              
(fontspec)             - 'normal' (m/n) with NFSS spec.:
(fontspec)             <8.5->s*[1.030159915882193]"[latinmodern-math.otf]/OT:sc
ript=math;language=dflt;"<6-8.5>s*[1.030159915882193]"[latinmodern-math.otf]/OT
:script=math;language=dflt;+ssty=0;"<-6>s*[1.030159915882193]"[latinmodern-math
.otf]/OT:script=math;language=dflt;+ssty=1;"
(fontspec)             - 'small caps'  (m/sc) with NFSS spec.: 
(fontspec)             - 'bold' (b/n) with NFSS spec.:
(fontspec)             <->s*[1.030159915882193]"[latinmodern-math.otf]/OT:scrip
t=math;language=dflt;"
(fontspec)             - 'bold small caps'  (b/sc) with NFSS spec.: 

LaTeX Font Info:    Font shape `TU/latinmodern-math.otf(1)/m/n' will be
(Font)              scaled to size 10.30167pt on input line 161.
LaTeX Font Info:    Encoding `OT1' has changed to `TU' for symbol font
(Font)              `operators' in the math version `normal' on input line 161.

LaTeX Font Info:    Overwriting symbol font `operators' in version `normal'
(Font)                  OT1/lmr/m/n --> TU/latinmodern-math.otf(1)/m/n on input
 line 161.
LaTeX Font Info:    Encoding `OT1' has changed to `TU' for symbol font
(Font)              `operators' in the math version `bold' on input line 161.
LaTeX Font Info:    Overwriting symbol font `operators' in version `bold'
(Font)                  OT1/lmr/bx/n --> TU/latinmodern-math.otf(1)/b/n on inpu
t line 161.

Package fontspec Info: latinmodern-math scale = 1.030159915882193.


Package fontspec Info: latinmodern-math scale = 1.030262931873781.


Package fontspec Info: latinmodern-math scale = 1.030159915882193.


Package fontspec Info: latinmodern-math scale = 1.030262931873781.


Package fontspec Info: latinmodern-math scale = 1.030159915882193.


Package fontspec Info: latinmodern-math scale = 1.030262931873781.


Package fontspec Info: latinmodern-math scale = 1.030159915882193.


Package fontspec Info: latinmodern-math scale = 1.030262931873781.


Package fontspec Info: latinmodern-math scale = 1.030159915882193.


Package fontspec Info: latinmodern-math scale = 1.030262931873781.


Package fontspec Info: Font family 'latinmodern-math.otf(2)' created for font
(fontspec)             'latinmodern-math.otf' with options
(fontspec)             [Scale=MatchLowercase,BoldItalicFont={},ItalicFont={},Sm
allCapsFont={},Script=Math,SizeFeatures={{Size=8.5-},{Size=6-8.5,Font=latinmode
rn-math.otf,Style=MathScript},{Size=-6,Font=latinmodern-math.otf,Style=MathScri
ptScript}},BoldFont={latinmodern-math.otf},ScaleAgain=1.0001,FontAdjustment={\f
ontdimen
(fontspec)             8\font =6.97423pt\relax \fontdimen 9\font
(fontspec)             =4.05885pt\relax \fontdimen 10\font =4.57394pt\relax
(fontspec)             \fontdimen 11\font =7.06694pt\relax \fontdimen 12\font
(fontspec)             =3.55408pt\relax \fontdimen 13\font =3.7395pt\relax
(fontspec)             \fontdimen 14\font =3.7395pt\relax \fontdimen 15\font
(fontspec)             =2.97719pt\relax \fontdimen 16\font =2.54451pt\relax
(fontspec)             \fontdimen 17\font =2.54451pt\relax \fontdimen 18\font
(fontspec)             =2.57542pt\relax \fontdimen 19\font =2.06033pt\relax
(fontspec)             \fontdimen 22\font =2.57542pt\relax \fontdimen 20\font
(fontspec)             =0pt\relax \fontdimen 21\font =0pt\relax }].
(fontspec)              
(fontspec)              This font family consists of the following NFSS
(fontspec)             series/shapes:
(fontspec)              
(fontspec)             - 'normal' (m/n) with NFSS spec.:
(fontspec)             <8.5->s*[1.030262931873781]"[latinmodern-math.otf]/OT:sc
ript=math;language=dflt;"<6-8.5>s*[1.030262931873781]"[latinmodern-math.otf]/OT
:script=math;language=dflt;+ssty=0;"<-6>s*[1.030262931873781]"[latinmodern-math
.otf]/OT:script=math;language=dflt;+ssty=1;"
(fontspec)             - 'small caps'  (m/sc) with NFSS spec.: 
(fontspec)             and font adjustment code:
(fontspec)             \fontdimen 8\font =6.97423pt\relax \fontdimen 9\font
(fontspec)             =4.05885pt\relax \fontdimen 10\font =4.57394pt\relax
(fontspec)             \fontdimen 11\font =7.06694pt\relax \fontdimen 12\font
(fontspec)             =3.55408pt\relax \fontdimen 13\font =3.7395pt\relax
(fontspec)             \fontdimen 14\font =3.7395pt\relax \fontdimen 15\font
(fontspec)             =2.97719pt\relax \fontdimen 16\font =2.54451pt\relax
(fontspec)             \fontdimen 17\font =2.54451pt\relax \fontdimen 18\font
(fontspec)             =2.57542pt\relax \fontdimen 19\font =2.06033pt\relax
(fontspec)             \fontdimen 22\font =2.57542pt\relax \fontdimen 20\font
(fontspec)             =0pt\relax \fontdimen 21\font =0pt\relax 
(fontspec)             - 'bold' (b/n) with NFSS spec.:
(fontspec)             <->s*[1.030262931873781]"[latinmodern-math.otf]/OT:scrip
t=math;language=dflt;"
(fontspec)             - 'bold small caps'  (b/sc) with NFSS spec.: 
(fontspec)             and font adjustment code:
(fontspec)             \fontdimen 8\font =6.97423pt\relax \fontdimen 9\font
(fontspec)             =4.05885pt\relax \fontdimen 10\font =4.57394pt\relax
(fontspec)             \fontdimen 11\font =7.06694pt\relax \fontdimen 12\font
(fontspec)             =3.55408pt\relax \fontdimen 13\font =3.7395pt\relax
(fontspec)             \fontdimen 14\font =3.7395pt\relax \fontdimen 15\font
(fontspec)             =2.97719pt\relax \fontdimen 16\font =2.54451pt\relax
(fontspec)             \fontdimen 17\font =2.54451pt\relax \fontdimen 18\font
(fontspec)             =2.57542pt\relax \fontdimen 19\font =2.06033pt\relax
(fontspec)             \fontdimen 22\font =2.57542pt\relax \fontdimen 20\font
(fontspec)             =0pt\relax \fontdimen 21\font =0pt\relax 

LaTeX Font Info:    Encoding `OMS' has changed to `TU' for symbol font
(Font)              `symbols' in the math version `normal' on input line 161.
LaTeX Font Info:    Overwriting symbol font `symbols' in version `normal'
(Font)                  OMS/lmsy/m/n --> TU/latinmodern-math.otf(2)/m/n on inpu
t line 161.
LaTeX Font Info:    Encoding `OMS' has changed to `TU' for symbol font
(Font)              `symbols' in the math version `bold' on input line 161.
LaTeX Font Info:    Overwriting symbol font `symbols' in version `bold'
(Font)                  OMS/lmsy/b/n --> TU/latinmodern-math.otf(2)/b/n on inpu
t line 161.

Package fontspec Info: latinmodern-math scale = 1.030159915882193.


Package fontspec Info: latinmodern-math scale = 1.030056899890605.


Package fontspec Info: latinmodern-math scale = 1.030159915882193.


Package fontspec Info: latinmodern-math scale = 1.030056899890605.


Package fontspec Info: latinmodern-math scale = 1.030159915882193.


Package fontspec Info: latinmodern-math scale = 1.030056899890605.


Package fontspec Info: latinmodern-math scale = 1.030159915882193.


Package fontspec Info: latinmodern-math scale = 1.030056899890605.


Package fontspec Info: latinmodern-math scale = 1.030159915882193.


Package fontspec Info: latinmodern-math scale = 1.030056899890605.


Package fontspec Info: Font family 'latinmodern-math.otf(3)' created for font
(fontspec)             'latinmodern-math.otf' with options
(fontspec)             [Scale=MatchLowercase,BoldItalicFont={},ItalicFont={},Sm
allCapsFont={},Script=Math,SizeFeatures={{Size=8.5-},{Size=6-8.5,Font=latinmode
rn-math.otf,Style=MathScript},{Size=-6,Font=latinmodern-math.otf,Style=MathScri
ptScript}},BoldFont={latinmodern-math.otf},ScaleAgain=0.9999,FontAdjustment={\f
ontdimen
(fontspec)             8\font =0.41206pt\relax \fontdimen 9\font
(fontspec)             =2.06033pt\relax \fontdimen 10\font =1.72038pt\relax
(fontspec)             \fontdimen 11\font =1.14348pt\relax \fontdimen 12\font
(fontspec)             =6.181pt\relax \fontdimen 13\font =0pt\relax }].
(fontspec)              
(fontspec)              This font family consists of the following NFSS
(fontspec)             series/shapes:
(fontspec)              
(fontspec)             - 'normal' (m/n) with NFSS spec.:
(fontspec)             <8.5->s*[1.030056899890605]"[latinmodern-math.otf]/OT:sc
ript=math;language=dflt;"<6-8.5>s*[1.030056899890605]"[latinmodern-math.otf]/OT
:script=math;language=dflt;+ssty=0;"<-6>s*[1.030056899890605]"[latinmodern-math
.otf]/OT:script=math;language=dflt;+ssty=1;"
(fontspec)             - 'small caps'  (m/sc) with NFSS spec.: 
(fontspec)             and font adjustment code:
(fontspec)             \fontdimen 8\font =0.41206pt\relax \fontdimen 9\font
(fontspec)             =2.06033pt\relax \fontdimen 10\font =1.72038pt\relax
(fontspec)             \fontdimen 11\font =1.14348pt\relax \fontdimen 12\font
(fontspec)             =6.181pt\relax \fontdimen 13\font =0pt\relax 
(fontspec)             - 'bold' (b/n) with NFSS spec.:
(fontspec)             <->s*[1.030056899890605]"[latinmodern-math.otf]/OT:scrip
t=math;language=dflt;"
(fontspec)             - 'bold small caps'  (b/sc) with NFSS spec.: 
(fontspec)             and font adjustment code:
(fontspec)             \fontdimen 8\font =0.41206pt\relax \fontdimen 9\font
(fontspec)             =2.06033pt\relax \fontdimen 10\font =1.72038pt\relax
(fontspec)             \fontdimen 11\font =1.14348pt\relax \fontdimen 12\font
(fontspec)             =6.181pt\relax \fontdimen 13\font =0pt\relax 

LaTeX Font Info:    Encoding `OMX' has changed to `TU' for symbol font
(Font)              `largesymbols' in the math version `normal' on input line 1
61.
LaTeX Font Info:    Overwriting symbol font `largesymbols' in version `normal'
(Font)                  OMX/lmex/m/n --> TU/latinmodern-math.otf(3)/m/n on inpu
t line 161.
LaTeX Font Info:    Encoding `OMX' has changed to `TU' for symbol font
(Font)              `largesymbols' in the math version `bold' on input line 161
.
LaTeX Font Info:    Overwriting symbol font `largesymbols' in version `bold'
(Font)                  OMX/lmex/m/n --> TU/latinmodern-math.otf(3)/b/n on inpu
t line 161.

Package pgfplots Warning: running in backwards compatibility mode (unsuitable t
ick labels; missing features). Consider writing \pgfplotsset{compat=1.18} into 
your preamble.
 on input line 161.

(./claseIntro_practico12_final.nav)
LaTeX Font Info:    Font shape `TU/lmss/m/it' in size <5> not available
(Font)              Font shape `TU/lmss/m/sl' tried instead on input line 161.
[1

] [2

]
LaTeX Font Info:    Font shape `TU/latinmodern-math.otf(1)/m/n' will be
(Font)              scaled to size 7.21117pt on input line 198.
LaTeX Font Info:    Font shape `TU/latinmodern-math.otf(1)/m/n' will be
(Font)              scaled to size 5.15083pt on input line 198.
LaTeX Font Info:    Trying to load font information for OML+lmm on input line 1
98.
(/home/mauricio/.TinyTeX/texmf-dist/tex/latex/lm/omllmm.fd
File: omllmm.fd 2015/05/01 v1.6.1 Font defs for Latin Modern
)
LaTeX Font Info:    Font shape `TU/latinmodern-math.otf(2)/m/n' will be
(Font)              scaled to size 10.30258pt on input line 198.
LaTeX Font Info:    Font shape `TU/latinmodern-math.otf(2)/m/n' will be
(Font)              scaled to size 7.2118pt on input line 198.
LaTeX Font Info:    Font shape `TU/latinmodern-math.otf(2)/m/n' will be
(Font)              scaled to size 5.15129pt on input line 198.
LaTeX Font Info:    Font shape `TU/latinmodern-math.otf(3)/m/n' will be
(Font)              scaled to size 10.3006pt on input line 198.
LaTeX Font Info:    Font shape `TU/latinmodern-math.otf(3)/m/n' will be
(Font)              scaled to size 7.21042pt on input line 198.
LaTeX Font Info:    Font shape `TU/latinmodern-math.otf(3)/m/n' will be
(Font)              scaled to size 5.1503pt on input line 198.
LaTeX Font Info:    Trying to load font information for U+msa on input line 198
.
(/home/mauricio/.TinyTeX/texmf-dist/tex/latex/amsfonts/umsa.fd
File: umsa.fd 2013/01/14 v3.01 AMS symbols A
)
LaTeX Font Info:    Trying to load font information for U+msb on input line 198
.
(/home/mauricio/.TinyTeX/texmf-dist/tex/latex/amsfonts/umsb.fd
File: umsb.fd 2013/01/14 v3.01 AMS symbols B
)
LaTeX Font Info:    Font shape `TU/latinmodern-math.otf(1)/m/n' will be
(Font)              scaled to size 9.2715pt on input line 198.
LaTeX Font Info:    Font shape `TU/latinmodern-math.otf(1)/m/n' will be
(Font)              scaled to size 6.181pt on input line 198.
LaTeX Font Info:    Font shape `TU/latinmodern-math.otf(2)/m/n' will be
(Font)              scaled to size 9.27232pt on input line 198.
LaTeX Font Info:    Font shape `TU/latinmodern-math.otf(2)/m/n' will be
(Font)              scaled to size 6.18155pt on input line 198.
LaTeX Font Info:    Font shape `TU/latinmodern-math.otf(3)/m/n' will be
(Font)              scaled to size 9.27054pt on input line 198.
LaTeX Font Info:    Font shape `TU/latinmodern-math.otf(3)/m/n' will be
(Font)              scaled to size 6.18036pt on input line 198.
LaTeX Font Info:    Font shape `TU/lmss/m/it' in size <14.4> not available
(Font)              Font shape `TU/lmss/m/sl' tried instead on input line 198.
[3

]
File: ../../imgs/analytic_process.png Graphic file (type bmp)
<../../imgs/analytic_process.png>
[4

]
LaTeX Font Info:    Font shape `TU/lmss/m/it' in size <10> not available
(Font)              Font shape `TU/lmss/m/sl' tried instead on input line 233.
[5

] [6

]
File: ../../imgs/tidyverse.png Graphic file (type bmp)
<../../imgs/tidyverse.png>
File: ../../imgs/tidyverse_packages.png Graphic file (type bmp)
<../../imgs/tidyverse_packages.png>
[7

]
File: ../../imgs/tidy_data_specification.png Graphic file (type bmp)
<../../imgs/tidy_data_specification.png>
LaTeX Font Info:    Font shape `TU/lmss/m/it' in size <9> not available
(Font)              Font shape `TU/lmss/m/sl' tried instead on input line 293.

Overfull \vbox (7.66808pt too high) detected at line 293
 []

[8

] [9

]
\openout4 = `claseIntro_practico12_final.vrb'.

(./claseIntro_practico12_final.vrb
File: ../../imgs/tibbles.png Graphic file (type bmp)
<../../imgs/tibbles.png>
) [10

]
File: ../../imgs/magrittr_log.jpg Graphic file (type bmp)
<../../imgs/magrittr_log.jpg>
File: ../../imgs/streamlining-with-magrittr.jpg Graphic file (type bmp)
<../../imgs/streamlining-with-magrittr.jpg>
[11

]
\openout4 = `claseIntro_practico12_final.vrb'.

(./claseIntro_practico12_final.vrb) [12

] [13

]
File: ../../imgs/ggplot2_logo.png Graphic file (type bmp)
<../../imgs/ggplot2_logo.png>
File: ../../imgs/logica_layered_grammar_of_graphics.png Graphic file (type bmp)

<../../imgs/logica_layered_grammar_of_graphics.png>

Overfull \vbox (6.61462pt too high) detected at line 436
 []

[14

]
File: ../../imgs/ggplot2_logo.png Graphic file (type bmp)
<../../imgs/ggplot2_logo.png>
[15

]
File: ../../imgs/ggplot2_logo.png Graphic file (type bmp)
<../../imgs/ggplot2_logo.png>
[16

]
File: ../../imgs/ggplot2_logo.png Graphic file (type bmp)
<../../imgs/ggplot2_logo.png>
File: ../../imgs/ggplot_basico_1.png Graphic file (type bmp)
<../../imgs/ggplot_basico_1.png>
[17

]
File: ../../imgs/ggplot2_logo.png Graphic file (type bmp)
<../../imgs/ggplot2_logo.png>
File: ../../imgs/ggplot_basico_2.png Graphic file (type bmp)
<../../imgs/ggplot_basico_2.png>
[18

]
\openout4 = `claseIntro_practico12_final.vrb'.

(./claseIntro_practico12_final.vrb
File: ../../imgs/ggplot2_logo.png Graphic file (type bmp)
<../../imgs/ggplot2_logo.png>
) [19

]
File: ../../imgs/ggplot2_logo.png Graphic file (type bmp)
<../../imgs/ggplot2_logo.png>
File: claseIntro_practico12_final_files/figure-beamer/unnamed-chunk-18-1.pdf Gr
aphic file (type pdf)
<use claseIntro_practico12_final_files/figure-beamer/unnamed-chunk-18-1.pdf>
[20

]
File: claseIntro_practico12_final_files/figure-beamer/unnamed-chunk-19-1.pdf Gr
aphic file (type pdf)
<use claseIntro_practico12_final_files/figure-beamer/unnamed-chunk-19-1.pdf>

Overfull \vbox (1.44978pt too high) detected at line 590
 []

[21

]
File: claseIntro_practico12_final_files/figure-beamer/unnamed-chunk-20-1.pdf Gr
aphic file (type pdf)
<use claseIntro_practico12_final_files/figure-beamer/unnamed-chunk-20-1.pdf>

Overfull \vbox (1.44978pt too high) detected at line 599
 []

[22

]
File: ../../imgs/rcirclize.png Graphic file (type bmp)
<../../imgs/rcirclize.png>

Overfull \vbox (9.45265pt too high) detected at line 604
 []

[23

]
File: ../../imgs/ggnomics_1.png Graphic file (type bmp)
<../../imgs/ggnomics_1.png>

Overfull \vbox (9.44511pt too high) detected at line 609
 []

[24

]
File: ../../imgs/ggnomics_2.png Graphic file (type bmp)
<../../imgs/ggnomics_2.png>

Overfull \vbox (2.86568pt too high) detected at line 614
 []

[25

] [26

]
File: ../../imgs/cover_rfordatascience.png Graphic file (type bmp)
<../../imgs/cover_rfordatascience.png>

Overfull \vbox (21.2663pt too high) detected at line 626
 []

[27

] [28

]
\tf@nav=\write7
\openout7 = `claseIntro_practico12_final.nav'.

\tf@toc=\write8
\openout8 = `claseIntro_practico12_final.toc'.

\tf@snm=\write9
\openout9 = `claseIntro_practico12_final.snm'.

(./claseIntro_practico12_final.aux)
Package rerunfilecheck Info: File `claseIntro_practico12_final.out' has not cha
nged.
(rerunfilecheck)             Checksum: 8A39EEBF8C66A1908D4FBB55B7E47264;764.
 ) 
Here is how much of TeX's memory you used:
 41451 strings out of 478475
 976777 string characters out of 5858857
 1571171 words of memory out of 5000000
 60970 multiletter control sequences out of 15000+600000
 408961 words of font info for 79 fonts, out of 8000000 for 9000
 14 hyphenation exceptions out of 8191
 101i,19n,120p,744b,793s stack positions out of 5000i,500n,10000p,200000b,80000s

Output written on claseIntro_practico12_final.pdf (28 pages).
